<?xml version="1.0" encoding="UTF-8"?>
<!-- Generated by org.testng.reporters.JUnitXMLReporter -->
<testsuite ignored="0" hostname="Souparnika" failures="0" tests="3" name="TestGC" time="24.472" errors="0" timestamp="2021-12-24T21:20:48 CST">
  <testcase classname="scripts.Demo" name="testA" time="0.024"/>
  <testcase classname="scripts.InvalidLogin" name="testInvalidLogin" time="1.985"/>
  <testcase classname="scripts.ValidLogin" name="testValidLogin" time="2.8"/>
</testsuite> <!-- TestGC -->
