<?xml version="1.0" encoding="UTF-8"?>
<!-- Generated by org.testng.reporters.JUnitXMLReporter -->
<testsuite ignored="0" hostname="Souparnika" failures="0" tests="3" name="Test" time="36.223" errors="0" timestamp="2021-12-24T21:06:09 CST">
  <testcase classname="scripts.Demo" name="testA" time="0.011"/>
  <testcase classname="scripts.InvalidLogin" name="testInvalidLogin" time="4.028"/>
  <testcase classname="scripts.ValidLogin" name="testValidLogin" time="2.931"/>
</testsuite> <!-- Test -->
