<?xml version="1.0" encoding="UTF-8"?>
<!-- Generated by org.testng.reporters.JUnitXMLReporter -->
<testsuite ignored="0" hostname="Souparnika" failures="0" tests="1" name="Test" time="3.815" errors="0" timestamp="2021-12-22T20:30:05 CST">
  <testcase classname="generic.BaseTest" name="@BeforeMethod openApp" time="3.708">
    <failure type="java.lang.NumberFormatException" message="For input string: &amp;quot;&amp;quot;">
      <![CDATA[java.lang.NumberFormatException: For input string: ""
at java.base/java.lang.NumberFormatException.forInputString(NumberFormatException.java:65)
at java.base/java.lang.Long.parseLong(Long.java:702)
at java.base/java.lang.Long.parseLong(Long.java:817)
at generic.BaseTest.openApp(BaseTest.java:29)
at java.base/java.util.ArrayList.forEach(ArrayList.java:1541)
... Removed 31 stack frames]]>
    </failure>
  </testcase> <!-- @BeforeMethod openApp -->
  <testcase classname="generic.BaseTest" name="@AfterMethod closeApp" time="-1.640226605283E9">
    <skipped/>
  </testcase> <!-- @AfterMethod closeApp -->
  <testcase classname="scripts.Demo" name="testA" time="0.0">
    <skipped/>
  </testcase> <!-- testA -->
</testsuite> <!-- Test -->
