<?xml version="1.0" encoding="UTF-8"?>
<testng-results ignored="0" total="1" passed="1" failed="0" skipped="0">
  <reporter-output>
    <line>
      <![CDATA[Setting ETO:8]]>
    </line>
    <line>
      <![CDATA[Closing the Browser]]>
    </line>
  </reporter-output>
  <suite started-at="2021-12-22T22:08:04 CST" name="Default suite" finished-at="2021-12-22T22:08:13 CST" duration-ms="8364">
    <groups>
      <group name="smoke">
        <method signature="ValidLogin.testValidLogin()[pri:1, instance:scripts.ValidLogin@35a9782c]" name="testValidLogin" class="scripts.ValidLogin"/>
      </group> <!-- smoke -->
    </groups>
    <test started-at="2021-12-22T22:08:04 CST" name="Default test" finished-at="2021-12-22T22:08:13 CST" duration-ms="8364">
      <class name="scripts.ValidLogin">
        <test-method is-config="true" signature="openApp()[pri:0, instance:scripts.ValidLogin@35a9782c]" started-at="2021-12-22T22:08:04 CST" name="openApp" finished-at="2021-12-22T22:08:10 CST" duration-ms="5398" status="PASS">
          <reporter-output>
            <line>
              <![CDATA[Setting ETO:8]]>
            </line>
          </reporter-output>
        </test-method> <!-- openApp -->
        <test-method signature="testValidLogin()[pri:1, instance:scripts.ValidLogin@35a9782c]" started-at="2021-12-22T22:08:10 CST" name="testValidLogin" finished-at="2021-12-22T22:08:12 CST" duration-ms="2032" status="PASS">
          <reporter-output>
          </reporter-output>
        </test-method> <!-- testValidLogin -->
        <test-method is-config="true" signature="closeApp()[pri:0, instance:scripts.ValidLogin@35a9782c]" started-at="2021-12-22T22:08:12 CST" name="closeApp" finished-at="2021-12-22T22:08:13 CST" duration-ms="886" status="PASS">
          <reporter-output>
            <line>
              <![CDATA[Closing the Browser]]>
            </line>
          </reporter-output>
        </test-method> <!-- closeApp -->
      </class> <!-- scripts.ValidLogin -->
    </test> <!-- Default test -->
  </suite> <!-- Default suite -->
</testng-results>
